<?xml version="1.0" encoding="UTF-8"?>
<!-- Generated by org.testng.reporters.JUnitReportReporter -->
<testsuite hostname="Mahesh" name="myPack.Poornima" tests="4" failures="0" timestamp="21 Apr 2020 06:00:18 GMT" time="89.549" errors="0">
  <testcase name="verifyLogin" time="54.863" classname="myPack.Poornima"/>
  <testcase name="deleteEmp" time="0.000" classname="myPack.Poornima"/>
  <testcase name="addEmp" time="34.686" classname="myPack.Poornima"/>
  <testcase name="editEmp" time="0.000" classname="myPack.Poornima"/>
</testsuite> <!-- myPack.Poornima -->
